<check_ce:categorization>Categorizations of models:
- Selected model 0: NC
  - Concrete RAC: FAILURE (postcondition at "bench/check-ce/call-val-function.mlw", line 9, characters 12-24)
  - Abstract RAC: FAILURE (postcondition at "bench/check-ce/call-val-function.mlw", line 9, characters 12-24)
- Checked model 1: NC
  - Concrete RAC: FAILURE (postcondition at "bench/check-ce/call-val-function.mlw", line 9, characters 12-24)
  - Abstract RAC: FAILURE (postcondition at "bench/check-ce/call-val-function.mlw", line 9, characters 12-24)
File "bench/check-ce/call-val-function.mlw", line 9, characters 12-24:
Sub-goal Postcondition of goal main'vc.
Prover result is: Unknown (sat) (181 steps).
The program does not comply to the verification goal, for example during the
  following execution:
File int.mlw:
  Line 13:
    Constant zero initialization
    zero = 0
  Line 14:
    Constant one initialization
    one = 1
File call-val-function.mlw:
  Line 8:
    y = 0
    y = 0
    Execution of main function `main` with env:
      y = 0
      zero = 0
      one = 1
  Line 11:
    (giant-step) execution of unimplemented function `f`
      x = 0
    result of `f` = 43
  Line 12:
    Normal execution of function `(+)` with args:
      _ = 43
      _ = 1
  Line 9:
    Property failure at postcondition of `main` with:
      result = 44

<check_ce:categorization>Categorizations of models:
- Selected model 0: NC
  - Concrete RAC: FAILURE (postcondition at "bench/check-ce/call-val-function.mlw", line 28, characters 12-24)
  - Abstract RAC: FAILURE (postcondition at "bench/check-ce/call-val-function.mlw", line 28, characters 12-24)
- Checked model 1: NC
  - Concrete RAC: FAILURE (postcondition at "bench/check-ce/call-val-function.mlw", line 28, characters 12-24)
  - Abstract RAC: FAILURE (postcondition at "bench/check-ce/call-val-function.mlw", line 28, characters 12-24)
File "bench/check-ce/call-val-function.mlw", line 28, characters 12-24:
Sub-goal Postcondition of goal main'vc.
Prover result is: Unknown (unknown + incomplete) (304 steps).
The program does not comply to the verification goal, for example during the
  following execution:
File int.mlw:
  Line 13:
    Constant zero initialization
    zero = 0
  Line 14:
    Constant one initialization
    one = 1
File call-val-function.mlw:
  Line 20:
    f = fun (_arg_11:int) -> 43
  Line 27:
    y = 0
    y = 0
    Execution of main function `main` with env:
      f = fun (_arg_11:int) -> 43
      y = 0
      zero = 0
      one = 1
  Line 30:
    (giant-step) execution of unimplemented function `f1`
      x = 0
    result of `f1` = 43
  Line 31:
    Normal execution of function `(+)` with args:
      _ = 43
      _ = 1
  Line 28:
    Property failure at postcondition of `main1` with:
      result = 44

<check_ce:categorization>Categorizations of models:
- Checked model 0: BAD_CE
  - Concrete RAC: STUCK (failure in postcondition of `f2` at unknown location)
  - Abstract RAC: STUCK (failure in postcondition of `f2` at unknown location)
- Selected model 1: NC
  - Concrete RAC: FAILURE (postcondition at "bench/check-ce/call-val-function.mlw", line 44, characters 12-24)
  - Abstract RAC: FAILURE (postcondition at "bench/check-ce/call-val-function.mlw", line 44, characters 12-24)
File "bench/check-ce/call-val-function.mlw", line 44, characters 12-24:
Sub-goal Postcondition of goal main'vc.
Prover result is: Unknown (unknown + incomplete) (304 steps).
The program does not comply to the verification goal, for example during the
  following execution:
File int.mlw:
  Line 13:
    Constant zero initialization
    zero = 0
  Line 14:
    Constant one initialization
    one = 1
File call-val-function.mlw:
  Line 43:
    y = 42
    y = 42
    Execution of main function `main` with env:
      y = 42
      zero = 0
      one = 1
  Line 46:
    (giant-step) execution of unimplemented function `f2`
      x = 42
    result of `f2` = 43
  Line 47:
    Normal execution of function `(+)` with args:
      _ = 43
      _ = 1
  Line 44:
    Property failure at postcondition of `main2` with:
      result = 44

