File "bench/check-ce/int32.mlw", line 9, characters 9-14:
Sub-goal Integer overflow of goal dummy_update'vc.
Prover result is: Valid (683 steps).

<check_ce:categorization>Categorizations of models:
- Selected model 0: NC
  - Concrete RAC: FAILURE (postcondition at "bench/check-ce/int32.mlw", line 7, characters 14-30)
  - Abstract RAC: FAILURE (postcondition at "bench/check-ce/int32.mlw", line 7, characters 14-30)
- Checked model 1: NC
  - Concrete RAC: FAILURE (postcondition at "bench/check-ce/int32.mlw", line 7, characters 14-30)
  - Abstract RAC: FAILURE (postcondition at "bench/check-ce/int32.mlw", line 7, characters 14-30)
File "bench/check-ce/int32.mlw", line 7, characters 14-30:
Sub-goal Postcondition of goal dummy_update'vc.
Prover result is: Unknown (unknown + incomplete) (967 steps).
The program does not comply to the verification goal, for example during the
  following execution:
File int.mlw:
  Line 13:
    Constant zero initialization
    zero = 0
  Line 14:
    Constant one initialization
    one = 1
File int.mlw:
  Line 281:
    Constant min_int32 initialization
    min_int32 = (-2147483648)
  Line 282:
    Constant max_int32 initialization
    max_int32 = 2147483647
File int32.mlw:
  Line 5:
    r = {contents= epsilon x:int32. int32'int x = 22}
    r = {contents= epsilon x:int32. int32'int x = 22}
    Execution of main function `dummy_update` with env:
      r = {contents= epsilon x:int32. int32'int x = 22}
      zero = 0
      one = 1
      min_int32 = (-2147483648)
      max_int32 = 2147483647
  Line 9:
    Normal execution of function `contents` with args:
      arg = {contents= 42}
    Normal execution of function `contents` with args:
      arg = {contents= 42}
    (giant-step) execution of unimplemented function `(+)`
      a = 42
      b = 42
    result of `(+)` = epsilon x:int32. int32'int x = 84
  Line 7:
    Property failure at postcondition of `dummy_update` with:
      r = {contents= epsilon x:int32. int32'int x = 84}

