<check_ce:categorization>Categorizations of models:
- Selected model 0: NC
  - Concrete RAC: FAILURE (assertion at "bench/check-ce/jlamp0_poly.mlw", line 12, characters 13-26)
  - Abstract RAC: FAILURE (assertion at "bench/check-ce/jlamp0_poly.mlw", line 12, characters 13-26)
- Checked model 1: NC
  - Concrete RAC: FAILURE (assertion at "bench/check-ce/jlamp0_poly.mlw", line 12, characters 13-26)
  - Abstract RAC: FAILURE (assertion at "bench/check-ce/jlamp0_poly.mlw", line 12, characters 13-26)
File "bench/check-ce/jlamp0_poly.mlw", line 12, characters 13-26:
Sub-goal Assertion of goal p1'vc.
Prover result is: Unknown (unknown + incomplete) (1268 steps).
The program does not comply to the verification goal, for example during the
  following execution:
File int.mlw:
  Line 13:
    Constant zero initialization
    zero = 0
  Line 14:
    Constant one initialization
    one = 1
File jlamp0_poly.mlw:
  Line 6:
    a = {contents= 0}
  Line 8:
    b = {contents= 3}
    b = {contents= 3}
    Execution of main function `p1` with env:
      a = {contents= 0}
      b = {contents= 3}
      zero = 0
      one = 1
  Line 11:
    Normal execution of function `(!)` with args:
      r = {contents= 3}
File ref.mlw:
  Line 18:
    Normal execution of function `contents` with args:
      arg = {contents= 3}
File jlamp0_poly.mlw:
  Line 11:
    Normal execution of function `(!)` with args:
      r = {contents= 0}
File ref.mlw:
  Line 18:
    Normal execution of function `contents` with args:
      arg = {contents= 0}
File jlamp0_poly.mlw:
  Line 11:
    Normal execution of function `(+)` with args:
      _ = 0
      _ = 3
    Normal execution of function `(:=)` with args:
      r = {contents= 0}
      v = 3
  Line 12:
    Property failure at assertion with:
      a = {contents= 3}

<check_ce:categorization>Categorizations of models:
- Selected model 0: NC
  - Concrete RAC: FAILURE (postcondition at "bench/check-ce/jlamp0_poly.mlw", line 10, characters 15-29)
  - Abstract RAC: FAILURE (postcondition at "bench/check-ce/jlamp0_poly.mlw", line 10, characters 15-29)
- Checked model 1: NC
  - Concrete RAC: FAILURE (postcondition at "bench/check-ce/jlamp0_poly.mlw", line 10, characters 15-29)
  - Abstract RAC: FAILURE (postcondition at "bench/check-ce/jlamp0_poly.mlw", line 10, characters 15-29)
File "bench/check-ce/jlamp0_poly.mlw", line 10, characters 15-29:
Sub-goal Postcondition of goal p1'vc.
Prover result is: Unknown (unknown + incomplete) (1579 steps).
The program does not comply to the verification goal, for example during the
  following execution:
File int.mlw:
  Line 13:
    Constant zero initialization
    zero = 0
  Line 14:
    Constant one initialization
    one = 1
File jlamp0_poly.mlw:
  Line 6:
    a = {contents= 0}
  Line 8:
    b = {contents= 5}
    b = {contents= 5}
    Execution of main function `p1` with env:
      a = {contents= 0}
      b = {contents= 5}
      zero = 0
      one = 1
  Line 11:
    Normal execution of function `(!)` with args:
      r = {contents= 5}
File ref.mlw:
  Line 18:
    Normal execution of function `contents` with args:
      arg = {contents= 5}
File jlamp0_poly.mlw:
  Line 11:
    Normal execution of function `(!)` with args:
      r = {contents= 0}
File ref.mlw:
  Line 18:
    Normal execution of function `contents` with args:
      arg = {contents= 0}
File jlamp0_poly.mlw:
  Line 11:
    Normal execution of function `(+)` with args:
      _ = 0
      _ = 5
    Normal execution of function `(:=)` with args:
      r = {contents= 0}
      v = 5
  Line 13:
    Normal execution of function `(!)` with args:
      r = {contents= 5}
File ref.mlw:
  Line 18:
    Normal execution of function `contents` with args:
      arg = {contents= 5}
File jlamp0_poly.mlw:
  Line 13:
    Normal execution of function `(>=)` with args:
      x = 5
      y = 10
    Normal execution of function `Tuple0` with args:
  Line 10:
    Property failure at postcondition of `p1` with:
      a = {contents= 5}

<check_ce:categorization>Categorizations of models:
- Selected model 0: NC
  - Concrete RAC: FAILURE (loop invariant init at "bench/check-ce/jlamp0_poly.mlw", line 22, characters 18-31)
  - Abstract RAC: FAILURE (loop invariant init at "bench/check-ce/jlamp0_poly.mlw", line 22, characters 18-31)
- Checked model 1: NC
  - Concrete RAC: FAILURE (loop invariant init at "bench/check-ce/jlamp0_poly.mlw", line 22, characters 18-31)
  - Abstract RAC: FAILURE (loop invariant init at "bench/check-ce/jlamp0_poly.mlw", line 22, characters 18-31)
File "bench/check-ce/jlamp0_poly.mlw", line 22, characters 18-31:
Sub-goal Loop invariant init of goal p2'vc.
Prover result is: Unknown (unknown + incomplete) (1028 steps).
The program does not comply to the verification goal, for example during the
  following execution:
File int.mlw:
  Line 13:
    Constant zero initialization
    zero = 0
  Line 14:
    Constant one initialization
    one = 1
File jlamp0_poly.mlw:
  Line 6:
    a = {contents= 0}
  Line 15:
    Constant c initialization
    (giant-step) execution of unimplemented function with args:
    result = {contents= 0}
    c = {contents= 0}
Unknown location:
    _ = ()
File jlamp0_poly.mlw:
  Line 17:
    _ = ()
    Execution of main function `p2` with env:
      a = {contents= 0}
      c = {contents= 0}
      _ = ()
      zero = 0
      one = 1
  Line 20:
    Normal execution of function `(:=)` with args:
      r = {contents= 0}
      v = 1
  Line 22:
    Property failure at loop invariant init with:
      c = {contents= 1}

File "bench/check-ce/jlamp0_poly.mlw", line 23, characters 18-31:
Sub-goal Loop invariant init of goal p2'vc.
Prover result is: Valid (821 steps).

<check_ce:categorization>Categorizations of models:
- Checked model 0: BAD_CE
  - Concrete RAC: FAILURE (loop invariant init at "bench/check-ce/jlamp0_poly.mlw", line 22, characters 18-31)
  - Abstract RAC: FAILURE (loop invariant init at "bench/check-ce/jlamp0_poly.mlw", line 22, characters 18-31)
- Selected model 1: BAD_CE
  - Concrete RAC: FAILURE (loop invariant init at "bench/check-ce/jlamp0_poly.mlw", line 22, characters 18-31)
  - Abstract RAC: FAILURE (loop invariant init at "bench/check-ce/jlamp0_poly.mlw", line 22, characters 18-31)
File "bench/check-ce/jlamp0_poly.mlw", line 24, characters 16-18:
Sub-goal Loop variant decrease of goal p2'vc.
Prover result is: Unknown (unknown + incomplete) (1720 steps).
Sorry, we don't have a good counterexample for you :(


<check_ce:categorization>Categorizations of models:
- Selected model 0: NC
  - Concrete RAC: FAILURE (loop invariant init at "bench/check-ce/jlamp0_poly.mlw", line 22, characters 18-31)
  - Abstract RAC: FAILURE (loop invariant init at "bench/check-ce/jlamp0_poly.mlw", line 22, characters 18-31)
- Checked model 1: NC
  - Concrete RAC: FAILURE (loop invariant init at "bench/check-ce/jlamp0_poly.mlw", line 22, characters 18-31)
  - Abstract RAC: FAILURE (loop invariant init at "bench/check-ce/jlamp0_poly.mlw", line 22, characters 18-31)
File "bench/check-ce/jlamp0_poly.mlw", line 22, characters 18-31:
Sub-goal Loop invariant preservation of goal p2'vc.
Prover result is: Unknown (unknown + incomplete) (1695 steps).
The program does not comply to the verification goal, for example during the
  following execution:
File int.mlw:
  Line 13:
    Constant zero initialization
    zero = 0
  Line 14:
    Constant one initialization
    one = 1
File jlamp0_poly.mlw:
  Line 6:
    a = {contents= 0}
  Line 15:
    Constant c initialization
    (giant-step) execution of unimplemented function with args:
    result = {contents= 0}
    c = {contents= 0}
Unknown location:
    _ = ()
File jlamp0_poly.mlw:
  Line 17:
    _ = ()
    Execution of main function `p2` with env:
      a = {contents= 0}
      c = {contents= 0}
      _ = ()
      zero = 0
      one = 1
  Line 20:
    Normal execution of function `(:=)` with args:
      r = {contents= 0}
      v = 1
  Line 22:
    Property failure at loop invariant init with:
      c = {contents= 1}

<check_ce:categorization>Categorizations of models:
- Checked model 0: BAD_CE
  - Concrete RAC: FAILURE (loop invariant init at "bench/check-ce/jlamp0_poly.mlw", line 22, characters 18-31)
  - Abstract RAC: FAILURE (loop invariant init at "bench/check-ce/jlamp0_poly.mlw", line 22, characters 18-31)
- Selected model 1: BAD_CE
  - Concrete RAC: FAILURE (loop invariant init at "bench/check-ce/jlamp0_poly.mlw", line 22, characters 18-31)
  - Abstract RAC: FAILURE (loop invariant init at "bench/check-ce/jlamp0_poly.mlw", line 22, characters 18-31)
File "bench/check-ce/jlamp0_poly.mlw", line 23, characters 18-31:
Sub-goal Loop invariant preservation of goal p2'vc.
Prover result is: Unknown (unknown + incomplete) (1750 steps).
Sorry, we don't have a good counterexample for you :(


<check_ce:categorization>Categorizations of models:
- Checked model 0: BAD_CE
  - Concrete RAC: FAILURE (loop invariant init at "bench/check-ce/jlamp0_poly.mlw", line 22, characters 18-31)
  - Abstract RAC: FAILURE (loop invariant init at "bench/check-ce/jlamp0_poly.mlw", line 22, characters 18-31)
- Selected model 1: BAD_CE
  - Concrete RAC: FAILURE (loop invariant init at "bench/check-ce/jlamp0_poly.mlw", line 22, characters 18-31)
  - Abstract RAC: FAILURE (loop invariant init at "bench/check-ce/jlamp0_poly.mlw", line 22, characters 18-31)
File "bench/check-ce/jlamp0_poly.mlw", line 19, characters 15-28:
Sub-goal Postcondition of goal p2'vc.
Prover result is: Unknown (unknown + incomplete) (1266 steps).
Sorry, we don't have a good counterexample for you :(


