<check_ce:categorization>Categorizations of models:
- Selected model 0: NC
  - Concrete RAC: FAILURE (assertion at "bench/check-ce/logic_function.mlw", line 8, characters 11-20)
  - Abstract RAC: FAILURE (assertion at "bench/check-ce/logic_function.mlw", line 8, characters 11-20)
- Checked model 1: NC
  - Concrete RAC: FAILURE (assertion at "bench/check-ce/logic_function.mlw", line 8, characters 11-20)
  - Abstract RAC: FAILURE (assertion at "bench/check-ce/logic_function.mlw", line 8, characters 11-20)
File "bench/check-ce/logic_function.mlw", line 8, characters 11-20:
Sub-goal Assertion of goal main_g'vc.
Prover result is: Unknown (sat) (97 steps).
The program does not comply to the verification goal, for example during the
  following execution:
File int.mlw:
  Line 13:
    Constant zero initialization
    zero = 0
  Line 14:
    Constant one initialization
    one = 1
File logic_function.mlw:
  Line 4:
    g = fun (x!02:int) -> if x!02 = 2 then 42 else 42
  Line 6:
    y = 2
    y = 2
    Execution of main function `main_g` with env:
      g = fun (x!02:int) -> if x!02 = 2 then 42 else 42
      y = 2
      zero = 0
      one = 1
  Line 8:
    Property failure at assertion with:
      y = 2

<check_ce:categorization>Categorizations of models:
- Selected model 0: NC
  - Concrete RAC: FAILURE (assertion at "bench/check-ce/logic_function.mlw", line 14, characters 11-24)
  - Abstract RAC: FAILURE (assertion at "bench/check-ce/logic_function.mlw", line 14, characters 11-24)
- Checked model 1: NC
  - Concrete RAC: FAILURE (assertion at "bench/check-ce/logic_function.mlw", line 14, characters 11-24)
  - Abstract RAC: FAILURE (assertion at "bench/check-ce/logic_function.mlw", line 14, characters 11-24)
File "bench/check-ce/logic_function.mlw", line 14, characters 11-24:
Sub-goal Assertion of goal main_h'vc.
Prover result is: Unknown (sat) (117 steps).
The program does not comply to the verification goal, for example during the
  following execution:
File int.mlw:
  Line 13:
    Constant zero initialization
    zero = 0
  Line 14:
    Constant one initialization
    one = 1
File logic_function.mlw:
  Line 10:
    h = fun (x!06:int) (x!14:bool) ->
         if x!06 = 2 /\ x!14 = False then 42 else 42
  Line 12:
    y1 = 2
    y2 = false
    y1 = 2
    y2 = false
    Execution of main function `main_h` with env:
      h = fun (x!06:int) (x!14:bool) ->
           if x!06 = 2 /\ x!14 = False then 42 else 42
      y1 = 2
      y2 = false
      zero = 0
      one = 1
  Line 14:
    Property failure at assertion with:
      y1 = 2
      y2 = false

<check_ce:categorization>Categorizations of models:
- Selected model 0: NC
  - Concrete RAC: FAILURE (assertion at "bench/check-ce/logic_function.mlw", line 21, characters 11-19)
  - Abstract RAC: FAILURE (assertion at "bench/check-ce/logic_function.mlw", line 21, characters 11-19)
- Checked model 1: NC
  - Concrete RAC: FAILURE (assertion at "bench/check-ce/logic_function.mlw", line 21, characters 11-19)
  - Abstract RAC: FAILURE (assertion at "bench/check-ce/logic_function.mlw", line 21, characters 11-19)
File "bench/check-ce/logic_function.mlw", line 21, characters 11-19:
Sub-goal Assertion of goal main_f'vc.
Prover result is: Unknown (sat) (137 steps).
The program does not comply to the verification goal, for example during the
  following execution:
File int.mlw:
  Line 13:
    Constant zero initialization
    zero = 0
  Line 14:
    Constant one initialization
    one = 1
File logic_function.mlw:
  Line 16:
    f = fun (x!08:int) -> if x!08 = 0 then 0 else 0
  Line 18:
    y = 0
    y = 0
    Execution of main function `main_f` with env:
      f = fun (x!08:int) -> if x!08 = 0 then 0 else 0
      y = 0
      zero = 0
      one = 1
  Line 21:
    Property failure at assertion with:
      y = 0

<check_ce:categorization>Categorizations of models:
- Selected model 0: NC
  - Concrete RAC: FAILURE (assertion at "bench/check-ce/logic_function.mlw", line 22, characters 11-19)
  - Abstract RAC: FAILURE (assertion at "bench/check-ce/logic_function.mlw", line 22, characters 11-19)
- Checked model 1: NC
  - Concrete RAC: FAILURE (assertion at "bench/check-ce/logic_function.mlw", line 22, characters 11-19)
  - Abstract RAC: FAILURE (assertion at "bench/check-ce/logic_function.mlw", line 22, characters 11-19)
File "bench/check-ce/logic_function.mlw", line 22, characters 11-19:
Sub-goal Assertion of goal main_f'vc.
Prover result is: Unknown (sat) (208 steps).
The program does not comply to the verification goal, for example during the
  following execution:
File int.mlw:
  Line 13:
    Constant zero initialization
    zero = 0
  Line 14:
    Constant one initialization
    one = 1
File logic_function.mlw:
  Line 16:
    f = fun (x!010:int) ->
         if x!010 = 0 then 2 else if x!010 = 1 then 0 else 2
  Line 18:
    y = 0
    y = 0
    Execution of main function `main_f` with env:
      f = fun (x!010:int) ->
           if x!010 = 0 then 2 else if x!010 = 1 then 0 else 2
      y = 0
      zero = 0
      one = 1
  Line 22:
    Property failure at assertion with:
      y = 0

