<check_ce:categorization>Categorizations of models:
- Selected model 0: NC
  - Concrete RAC: FAILURE (postcondition at "bench/check-ce/real_values.mlw", line 3, characters 28-43)
  - Abstract RAC: FAILURE (postcondition at "bench/check-ce/real_values.mlw", line 3, characters 28-43)
- Checked model 1: NC
  - Concrete RAC: FAILURE (postcondition at "bench/check-ce/real_values.mlw", line 3, characters 28-43)
  - Abstract RAC: FAILURE (postcondition at "bench/check-ce/real_values.mlw", line 3, characters 28-43)
File "bench/check-ce/real_values.mlw", line 3, characters 28-43:
Goal test1.
Prover result is: Unknown (sat) (83 steps).
The program does not comply to the verification goal, for example during the
  following execution:
File real_values.mlw:
  Line 3:
    x = (- 1.0) / 2.0
    x = (- 1.0) / 2.0
    Execution of main function `test1'goal` with env:
      x = (- 1.0) / 2.0
Unknown location:
    Normal execution of function `Tuple0` with args:
File real_values.mlw:
  Line 3:
    Property failure at postcondition of `test1'goal` with:
      x = (- 1.0) / 2.0

<check_ce:categorization>Categorizations of models:
- Selected model 0: NC
  - Concrete RAC: FAILURE (postcondition at "bench/check-ce/real_values.mlw", line 5, characters 28-37)
  - Abstract RAC: FAILURE (postcondition at "bench/check-ce/real_values.mlw", line 5, characters 28-37)
- Checked model 1: NC
  - Concrete RAC: FAILURE (postcondition at "bench/check-ce/real_values.mlw", line 5, characters 28-37)
  - Abstract RAC: FAILURE (postcondition at "bench/check-ce/real_values.mlw", line 5, characters 28-37)
File "bench/check-ce/real_values.mlw", line 5, characters 28-37:
Goal test2.
Prover result is: Unknown (sat) (67 steps).
The program does not comply to the verification goal, for example during the
  following execution:
File real_values.mlw:
  Line 5:
    x = 10.0
    x = 10.0
    Execution of main function `test2'goal` with env:
      x = 10.0
Unknown location:
    Normal execution of function `Tuple0` with args:
File real_values.mlw:
  Line 5:
    Property failure at postcondition of `test2'goal` with:
      x = 10.0

<check_ce:categorization>Categorizations of models:
- Selected model 0: NC
  - Concrete RAC: FAILURE (postcondition at "bench/check-ce/real_values.mlw", line 7, characters 28-47)
  - Abstract RAC: FAILURE (postcondition at "bench/check-ce/real_values.mlw", line 7, characters 28-47)
- Checked model 1: NC
  - Concrete RAC: FAILURE (postcondition at "bench/check-ce/real_values.mlw", line 7, characters 28-47)
  - Abstract RAC: FAILURE (postcondition at "bench/check-ce/real_values.mlw", line 7, characters 28-47)
File "bench/check-ce/real_values.mlw", line 7, characters 28-47:
Goal test3.
Prover result is: Unknown (sat) (105 steps).
The program does not comply to the verification goal, for example during the
  following execution:
File real_values.mlw:
  Line 7:
    x = 1.0 / 4.0
    x = 1.0 / 4.0
    Execution of main function `test3'goal` with env:
      x = 1.0 / 4.0
Unknown location:
    Normal execution of function `Tuple0` with args:
File real_values.mlw:
  Line 7:
    Property failure at postcondition of `test3'goal` with:
      x = 1.0 / 4.0

<check_ce:categorization>Categorizations of models:
- Checked model 0: INCOMPLETE
  - Concrete RAC: INCOMPLETE (terminated because Postcondition of `test4'goal` cannot be evaluated)
  - Abstract RAC: INCOMPLETE (terminated because Postcondition of `test4'goal` cannot be evaluated)
- Selected model 1: INCOMPLETE
  - Concrete RAC: INCOMPLETE (terminated because Postcondition of `test4'goal1` cannot be evaluated)
  - Abstract RAC: INCOMPLETE (terminated because Postcondition of `test4'goal1` cannot be evaluated)
File "bench/check-ce/real_values.mlw", line 9, characters 28-39:
Goal test4.
Prover result is: Unknown (sat) (227 steps).
The following counterexample model could not be verified
  (both RAC terminated because Postcondition of `test4'goal1` cannot be evaluated):
File real_values.mlw:
  Line 9:
    x :  = 0.0
    x : real = 0.0

