<check-ce>Check model 0 ("bench/check-ce/test_result_ce_value1.mlw", line 12, characters 11-18)
<check-ce>Checking model:
          File test_result_ce_value1.mlw:
            Line 6:
              x = {"type": "Integer", "val": "-1"}
            Line 8:
              x = {"type": "Integer", "val": "-1"}
            Line 9:
              a = {"type": "Integer", "val": "42"}
              result = {"type": "Integer", "val": "41"}
            Line 10:
              result = {"type": "Integer", "val": "0"}
            Line 12:
              result = {"type": "Integer", "val": "41"}
<check-ce>Giant-step RAC
<rac-values>RHS evaluated for global `zero` at "WHY3DATA/stdlib/int.mlw", line 13, characters 15-19: 0
<rac-values>RHS evaluated for global `one` at "WHY3DATA/stdlib/int.mlw", line 14, characters 15-18: 1
<rac-values>Value from model for parameter `x` at "bench/check-ce/test_result_ce_value1.mlw", line 8, characters 11-12: (-1)
<rac-values>Value from model for return value of call to id at "bench/check-ce/test_result_ce_value1.mlw", line 10, characters 6-12 at "bench/check-ce/test_result_ce_value1.mlw", line 10, characters 6-12: 0
<rac-values>Value from model for return value of call to id at "bench/check-ce/test_result_ce_value1.mlw", line 9, characters 10-25 at "bench/check-ce/test_result_ce_value1.mlw", line 9, characters 10-25: 41
<check-ce>Normal RAC
<rac-values>RHS evaluated for global `zero` at "WHY3DATA/stdlib/int.mlw", line 13, characters 15-19: 0
<rac-values>RHS evaluated for global `one` at "WHY3DATA/stdlib/int.mlw", line 14, characters 15-18: 1
<rac-values>Value from model for parameter `x` at "bench/check-ce/test_result_ce_value1.mlw", line 8, characters 11-12: (-1)
<rac-values>Value from model for return value of call to id at "bench/check-ce/test_result_ce_value1.mlw", line 10, characters 6-12 at "bench/check-ce/test_result_ce_value1.mlw", line 10, characters 6-12: 0
<rac-values>Value from model for return value of call to id at "bench/check-ce/test_result_ce_value1.mlw", line 9, characters 10-25 at "bench/check-ce/test_result_ce_value1.mlw", line 9, characters 10-25: 41
<check-ce>Result of checking model 0: NC
            - Concrete RAC: FAILURE (assertion at "bench/check-ce/test_result_ce_value1.mlw", line 12, characters 11-18)
              File int.mlw:
                Line 13:
                  Constant zero initialization
                  zero = 0
                Line 14:
                  Constant one initialization
                  one = 1
              File test_result_ce_value1.mlw:
                Line 8:
                  x = (-1)
                  x = (-1)
                  Execution of main function `test1` with env:
                    x = (-1)
                    zero = 0
                    one = 1
                Line 10:
                  (giant-step) execution of unimplemented function `id`
                    x = (-1)
                  result of `id` = 0
                Line 9:
                  (giant-step) execution of unimplemented function `id`
                    x = 0
                  result of `id` = 41
                  Normal execution of function `(+)` with args:
                    _ = 41
                    _ = 1
                Line 12:
                  Property failure at assertion with:
                    a = 42
            - Abstract RAC: FAILURE (assertion at "bench/check-ce/test_result_ce_value1.mlw", line 12, characters 11-18)
              File int.mlw:
                Line 13:
                  Constant zero initialization
                  zero = 0
                Line 14:
                  Constant one initialization
                  one = 1
              File test_result_ce_value1.mlw:
                Line 8:
                  x = (-1)
                  x = (-1)
                  Execution of main function `test1` with env:
                    x = (-1)
                    zero = 0
                    one = 1
                Line 10:
                  Giant-step execution of function `id` with args:
                    x = (-1)
                  result of `id` = 0
                Line 9:
                  Giant-step execution of function `id` with args:
                    x = 0
                  result of `id` = 41
                  Normal execution of function `(+)` with args:
                    _ = 41
                    _ = 1
                Line 12:
                  Property failure at assertion with:
                    a = 42
<check-ce>Check model 1 ("bench/check-ce/test_result_ce_value1.mlw", line 12, characters 11-18)
<check-ce>Checking model:
          File test_result_ce_value1.mlw:
            Line 6:
              x = {"type": "Integer", "val": "-1"}
            Line 8:
              x = {"type": "Integer", "val": "-1"}
            Line 9:
              a = {"type": "Integer", "val": "42"}
              result = {"type": "Integer", "val": "41"}
            Line 10:
              result = {"type": "Integer", "val": "0"}
            Line 12:
              result = {"type": "Integer", "val": "41"}
<check-ce>Giant-step RAC
<rac-values>RHS evaluated for global `zero` at "WHY3DATA/stdlib/int.mlw", line 13, characters 15-19: 0
<rac-values>RHS evaluated for global `one` at "WHY3DATA/stdlib/int.mlw", line 14, characters 15-18: 1
<rac-values>Value from model for parameter `x` at "bench/check-ce/test_result_ce_value1.mlw", line 8, characters 11-12: (-1)
<rac-values>Value from model for return value of call to id at "bench/check-ce/test_result_ce_value1.mlw", line 10, characters 6-12 at "bench/check-ce/test_result_ce_value1.mlw", line 10, characters 6-12: 0
<rac-values>Value from model for return value of call to id at "bench/check-ce/test_result_ce_value1.mlw", line 9, characters 10-25 at "bench/check-ce/test_result_ce_value1.mlw", line 9, characters 10-25: 41
<check-ce>Normal RAC
<rac-values>RHS evaluated for global `zero` at "WHY3DATA/stdlib/int.mlw", line 13, characters 15-19: 0
<rac-values>RHS evaluated for global `one` at "WHY3DATA/stdlib/int.mlw", line 14, characters 15-18: 1
<rac-values>Value from model for parameter `x` at "bench/check-ce/test_result_ce_value1.mlw", line 8, characters 11-12: (-1)
<rac-values>Value from model for return value of call to id at "bench/check-ce/test_result_ce_value1.mlw", line 10, characters 6-12 at "bench/check-ce/test_result_ce_value1.mlw", line 10, characters 6-12: 0
<rac-values>Value from model for return value of call to id at "bench/check-ce/test_result_ce_value1.mlw", line 9, characters 10-25 at "bench/check-ce/test_result_ce_value1.mlw", line 9, characters 10-25: 41
<check-ce>Result of checking model 1: NC
            - Concrete RAC: FAILURE (assertion at "bench/check-ce/test_result_ce_value1.mlw", line 12, characters 11-18)
              File int.mlw:
                Line 13:
                  Constant zero initialization
                  zero = 0
                Line 14:
                  Constant one initialization
                  one = 1
              File test_result_ce_value1.mlw:
                Line 8:
                  x = (-1)
                  x = (-1)
                  Execution of main function `test1` with env:
                    x = (-1)
                    zero = 0
                    one = 1
                Line 10:
                  (giant-step) execution of unimplemented function `id`
                    x = (-1)
                  result of `id` = 0
                Line 9:
                  (giant-step) execution of unimplemented function `id`
                    x = 0
                  result of `id` = 41
                  Normal execution of function `(+)` with args:
                    _ = 41
                    _ = 1
                Line 12:
                  Property failure at assertion with:
                    a = 42
            - Abstract RAC: FAILURE (assertion at "bench/check-ce/test_result_ce_value1.mlw", line 12, characters 11-18)
              File int.mlw:
                Line 13:
                  Constant zero initialization
                  zero = 0
                Line 14:
                  Constant one initialization
                  one = 1
              File test_result_ce_value1.mlw:
                Line 8:
                  x = (-1)
                  x = (-1)
                  Execution of main function `test1` with env:
                    x = (-1)
                    zero = 0
                    one = 1
                Line 10:
                  Giant-step execution of function `id` with args:
                    x = (-1)
                  result of `id` = 0
                Line 9:
                  Giant-step execution of function `id` with args:
                    x = 0
                  result of `id` = 41
                  Normal execution of function `(+)` with args:
                    _ = 41
                    _ = 1
                Line 12:
                  Property failure at assertion with:
                    a = 42
<check-ce-summary>Results:
- Selected model 0: NC
  - Concrete RAC: FAILURE (assertion at "bench/check-ce/test_result_ce_value1.mlw", line 12, characters 11-18)
  - Abstract RAC: FAILURE (assertion at "bench/check-ce/test_result_ce_value1.mlw", line 12, characters 11-18)
- Checked model 1: NC
  - Concrete RAC: FAILURE (assertion at "bench/check-ce/test_result_ce_value1.mlw", line 12, characters 11-18)
  - Abstract RAC: FAILURE (assertion at "bench/check-ce/test_result_ce_value1.mlw", line 12, characters 11-18)
File "bench/check-ce/test_result_ce_value1.mlw", line 12, characters 11-18:
Sub-goal Assertion of goal test1'vc.
Prover result is: Unknown (sat) (0.05s, 4866 steps).
The program does not comply to the verification goal, for example during the
  following execution:
File int.mlw:
  Line 13:
    Constant zero initialization
    zero = 0
  Line 14:
    Constant one initialization
    one = 1
File test_result_ce_value1.mlw:
  Line 8:
    x = (-1)
    x = (-1)
    Execution of main function `test1` with env:
      x = (-1)
      zero = 0
      one = 1
  Line 10:
    (giant-step) execution of unimplemented function `id`
      x = (-1)
    result of `id` = 0
  Line 9:
    (giant-step) execution of unimplemented function `id`
      x = 0
    result of `id` = 41
    Normal execution of function `(+)` with args:
      _ = 41
      _ = 1
  Line 12:
    Property failure at assertion with:
      a = 42

<check-ce>Check model 0 ("bench/check-ce/test_result_ce_value1.mlw", line 16, characters 11-18)
<check-ce>Checking model:
          File test_result_ce_value1.mlw:
            Line 6:
              x = {"type": "Integer", "val": "-1"}
            Line 14:
              x = {"type": "Integer", "val": "-1"}
            Line 15:
              a = {"type": "Integer", "val": "42"}
              result = {"type": "Integer", "val": "41"}
              result = {"type": "Integer", "val": "0"}
            Line 16:
              result = {"type": "Integer", "val": "41"}
<check-ce>Giant-step RAC
<rac-values>RHS evaluated for global `zero` at "WHY3DATA/stdlib/int.mlw", line 13, characters 15-19: 0
<rac-values>RHS evaluated for global `one` at "WHY3DATA/stdlib/int.mlw", line 14, characters 15-18: 1
<rac-values>Value from model for parameter `x` at "bench/check-ce/test_result_ce_value1.mlw", line 14, characters 14-15: (-1)
<rac-values>Value from model for return value of call to id at "bench/check-ce/test_result_ce_value1.mlw", line 15, characters 13-19 at "bench/check-ce/test_result_ce_value1.mlw", line 15, characters 13-19: 0
<rac-values>Value from model for return value of call to id at "bench/check-ce/test_result_ce_value1.mlw", line 15, characters 10-19 at "bench/check-ce/test_result_ce_value1.mlw", line 15, characters 10-19: 41
<check-ce>Normal RAC
<rac-values>RHS evaluated for global `zero` at "WHY3DATA/stdlib/int.mlw", line 13, characters 15-19: 0
<rac-values>RHS evaluated for global `one` at "WHY3DATA/stdlib/int.mlw", line 14, characters 15-18: 1
<rac-values>Value from model for parameter `x` at "bench/check-ce/test_result_ce_value1.mlw", line 14, characters 14-15: (-1)
<rac-values>Value from model for return value of call to id at "bench/check-ce/test_result_ce_value1.mlw", line 15, characters 13-19 at "bench/check-ce/test_result_ce_value1.mlw", line 15, characters 13-19: 0
<rac-values>Value from model for return value of call to id at "bench/check-ce/test_result_ce_value1.mlw", line 15, characters 10-19 at "bench/check-ce/test_result_ce_value1.mlw", line 15, characters 10-19: 41
<check-ce>Result of checking model 0: NC
            - Concrete RAC: FAILURE (assertion at "bench/check-ce/test_result_ce_value1.mlw", line 16, characters 11-18)
              File int.mlw:
                Line 13:
                  Constant zero initialization
                  zero = 0
                Line 14:
                  Constant one initialization
                  one = 1
              File test_result_ce_value1.mlw:
                Line 14:
                  x = (-1)
                  x = (-1)
                  Execution of main function `test1bis` with env:
                    x = (-1)
                    zero = 0
                    one = 1
                Line 15:
                  (giant-step) execution of unimplemented function `id`
                    x = (-1)
                  result of `id` = 0
                  (giant-step) execution of unimplemented function `id`
                    x = 0
                  result of `id` = 41
                  Normal execution of function `(+)` with args:
                    _ = 41
                    _ = 1
                Line 16:
                  Property failure at assertion with:
                    a = 42
            - Abstract RAC: FAILURE (assertion at "bench/check-ce/test_result_ce_value1.mlw", line 16, characters 11-18)
              File int.mlw:
                Line 13:
                  Constant zero initialization
                  zero = 0
                Line 14:
                  Constant one initialization
                  one = 1
              File test_result_ce_value1.mlw:
                Line 14:
                  x = (-1)
                  x = (-1)
                  Execution of main function `test1bis` with env:
                    x = (-1)
                    zero = 0
                    one = 1
                Line 15:
                  Giant-step execution of function `id` with args:
                    x = (-1)
                  result of `id` = 0
                  Giant-step execution of function `id` with args:
                    x = 0
                  result of `id` = 41
                  Normal execution of function `(+)` with args:
                    _ = 41
                    _ = 1
                Line 16:
                  Property failure at assertion with:
                    a = 42
<check-ce>Check model 1 ("bench/check-ce/test_result_ce_value1.mlw", line 16, characters 11-18)
<check-ce>Checking model:
          File test_result_ce_value1.mlw:
            Line 6:
              x = {"type": "Integer", "val": "-1"}
            Line 14:
              x = {"type": "Integer", "val": "-1"}
            Line 15:
              a = {"type": "Integer", "val": "42"}
              result = {"type": "Integer", "val": "41"}
              result = {"type": "Integer", "val": "0"}
            Line 16:
              result = {"type": "Integer", "val": "41"}
<check-ce>Giant-step RAC
<rac-values>RHS evaluated for global `zero` at "WHY3DATA/stdlib/int.mlw", line 13, characters 15-19: 0
<rac-values>RHS evaluated for global `one` at "WHY3DATA/stdlib/int.mlw", line 14, characters 15-18: 1
<rac-values>Value from model for parameter `x` at "bench/check-ce/test_result_ce_value1.mlw", line 14, characters 14-15: (-1)
<rac-values>Value from model for return value of call to id at "bench/check-ce/test_result_ce_value1.mlw", line 15, characters 13-19 at "bench/check-ce/test_result_ce_value1.mlw", line 15, characters 13-19: 0
<rac-values>Value from model for return value of call to id at "bench/check-ce/test_result_ce_value1.mlw", line 15, characters 10-19 at "bench/check-ce/test_result_ce_value1.mlw", line 15, characters 10-19: 41
<check-ce>Normal RAC
<rac-values>RHS evaluated for global `zero` at "WHY3DATA/stdlib/int.mlw", line 13, characters 15-19: 0
<rac-values>RHS evaluated for global `one` at "WHY3DATA/stdlib/int.mlw", line 14, characters 15-18: 1
<rac-values>Value from model for parameter `x` at "bench/check-ce/test_result_ce_value1.mlw", line 14, characters 14-15: (-1)
<rac-values>Value from model for return value of call to id at "bench/check-ce/test_result_ce_value1.mlw", line 15, characters 13-19 at "bench/check-ce/test_result_ce_value1.mlw", line 15, characters 13-19: 0
<rac-values>Value from model for return value of call to id at "bench/check-ce/test_result_ce_value1.mlw", line 15, characters 10-19 at "bench/check-ce/test_result_ce_value1.mlw", line 15, characters 10-19: 41
<check-ce>Result of checking model 1: NC
            - Concrete RAC: FAILURE (assertion at "bench/check-ce/test_result_ce_value1.mlw", line 16, characters 11-18)
              File int.mlw:
                Line 13:
                  Constant zero initialization
                  zero = 0
                Line 14:
                  Constant one initialization
                  one = 1
              File test_result_ce_value1.mlw:
                Line 14:
                  x = (-1)
                  x = (-1)
                  Execution of main function `test1bis` with env:
                    x = (-1)
                    zero = 0
                    one = 1
                Line 15:
                  (giant-step) execution of unimplemented function `id`
                    x = (-1)
                  result of `id` = 0
                  (giant-step) execution of unimplemented function `id`
                    x = 0
                  result of `id` = 41
                  Normal execution of function `(+)` with args:
                    _ = 41
                    _ = 1
                Line 16:
                  Property failure at assertion with:
                    a = 42
            - Abstract RAC: FAILURE (assertion at "bench/check-ce/test_result_ce_value1.mlw", line 16, characters 11-18)
              File int.mlw:
                Line 13:
                  Constant zero initialization
                  zero = 0
                Line 14:
                  Constant one initialization
                  one = 1
              File test_result_ce_value1.mlw:
                Line 14:
                  x = (-1)
                  x = (-1)
                  Execution of main function `test1bis` with env:
                    x = (-1)
                    zero = 0
                    one = 1
                Line 15:
                  Giant-step execution of function `id` with args:
                    x = (-1)
                  result of `id` = 0
                  Giant-step execution of function `id` with args:
                    x = 0
                  result of `id` = 41
                  Normal execution of function `(+)` with args:
                    _ = 41
                    _ = 1
                Line 16:
                  Property failure at assertion with:
                    a = 42
<check-ce-summary>Results:
- Selected model 0: NC
  - Concrete RAC: FAILURE (assertion at "bench/check-ce/test_result_ce_value1.mlw", line 16, characters 11-18)
  - Abstract RAC: FAILURE (assertion at "bench/check-ce/test_result_ce_value1.mlw", line 16, characters 11-18)
- Checked model 1: NC
  - Concrete RAC: FAILURE (assertion at "bench/check-ce/test_result_ce_value1.mlw", line 16, characters 11-18)
  - Abstract RAC: FAILURE (assertion at "bench/check-ce/test_result_ce_value1.mlw", line 16, characters 11-18)
File "bench/check-ce/test_result_ce_value1.mlw", line 16, characters 11-18:
Sub-goal Assertion of goal test1bis'vc.
Prover result is: Unknown (sat) (0.03s, 4866 steps).
The program does not comply to the verification goal, for example during the
  following execution:
File int.mlw:
  Line 13:
    Constant zero initialization
    zero = 0
  Line 14:
    Constant one initialization
    one = 1
File test_result_ce_value1.mlw:
  Line 14:
    x = (-1)
    x = (-1)
    Execution of main function `test1bis` with env:
      x = (-1)
      zero = 0
      one = 1
  Line 15:
    (giant-step) execution of unimplemented function `id`
      x = (-1)
    result of `id` = 0
    (giant-step) execution of unimplemented function `id`
      x = 0
    result of `id` = 41
    Normal execution of function `(+)` with args:
      _ = 41
      _ = 1
  Line 16:
    Property failure at assertion with:
      a = 42

