<check_ce:categorization>Categorizations of models:
- Selected model 0: NC
  - Concrete RAC: FAILURE (assertion at "bench/check-ce/test_result_ce_value2.mlw", line 13, characters 14-20)
  - Abstract RAC: FAILURE (assertion at "bench/check-ce/test_result_ce_value2.mlw", line 13, characters 14-20)
- Checked model 1: NC
  - Concrete RAC: FAILURE (assertion at "bench/check-ce/test_result_ce_value2.mlw", line 13, characters 14-20)
  - Abstract RAC: FAILURE (assertion at "bench/check-ce/test_result_ce_value2.mlw", line 13, characters 14-20)
File "bench/check-ce/test_result_ce_value2.mlw", line 13, characters 14-20:
Sub-goal Assertion of goal test2'vc.
Prover result is: Unknown (unknown + incomplete) (1096 steps).
The program does not comply to the verification goal, for example during the
  following execution:
File int.mlw:
  Line 13:
    Constant zero initialization
    zero = 0
  Line 14:
    Constant one initialization
    one = 1
File test_result_ce_value2.mlw:
  Line 3:
    Constant a initialization
    (giant-step) execution of unimplemented function with args:
    result = 0
    Normal execution of function `ref` with args:
      contents = 0
    Normal execution of function `ref'mk` with args:
      contents = 0
    a = {contents= 0}
  Line 10:
    x = (- 1)
    x = (- 1)
    Execution of main function `test2` with env:
      a = {contents= 0}
      x = (- 1)
      zero = 0
      one = 1
  Line 12:
    (giant-step) execution of unimplemented function `id`
      x = (- 1)
    a = {contents= (- 1)}
    result of `id` = 0
    Normal execution of function `(<)` with args:
      _ = 0
      _ = 10
  Line 13:
    Property failure at assertion with:
      a = {contents= (- 1)}

<check_ce:categorization>Categorizations of models:
- Selected model 0: NC
  - Concrete RAC: FAILURE (assertion at "bench/check-ce/test_result_ce_value2.mlw", line 15, characters 14-20)
  - Abstract RAC: FAILURE (assertion at "bench/check-ce/test_result_ce_value2.mlw", line 15, characters 14-20)
- Checked model 1: NC
  - Concrete RAC: FAILURE (assertion at "bench/check-ce/test_result_ce_value2.mlw", line 15, characters 14-20)
  - Abstract RAC: FAILURE (assertion at "bench/check-ce/test_result_ce_value2.mlw", line 15, characters 14-20)
File "bench/check-ce/test_result_ce_value2.mlw", line 15, characters 14-20:
Sub-goal Assertion of goal test2'vc.
Prover result is: Unknown (unknown + incomplete) (1088 steps).
The program does not comply to the verification goal, for example during the
  following execution:
File int.mlw:
  Line 13:
    Constant zero initialization
    zero = 0
  Line 14:
    Constant one initialization
    one = 1
File test_result_ce_value2.mlw:
  Line 3:
    Constant a initialization
    (giant-step) execution of unimplemented function with args:
    result = 0
    Normal execution of function `ref` with args:
      contents = 0
    Normal execution of function `ref'mk` with args:
      contents = 0
    a = {contents= 0}
  Line 10:
    x = 0
    x = 0
    Execution of main function `test2` with env:
      a = {contents= 0}
      x = 0
      zero = 0
      one = 1
  Line 12:
    (giant-step) execution of unimplemented function `id`
      x = 0
    a = {contents= 42}
    result of `id` = 43
    Normal execution of function `(<)` with args:
      _ = 43
      _ = 10
  Line 15:
    Property failure at assertion with:
      a = {contents= 42}

<check_ce:categorization>Categorizations of models:
- Selected model 0: NC
  - Concrete RAC: FAILURE (postcondition at "bench/check-ce/test_result_ce_value2.mlw", line 18, characters 12-19)
  - Abstract RAC: FAILURE (postcondition at "bench/check-ce/test_result_ce_value2.mlw", line 18, characters 12-19)
- Checked model 1: NC
  - Concrete RAC: FAILURE (postcondition at "bench/check-ce/test_result_ce_value2.mlw", line 18, characters 12-19)
  - Abstract RAC: FAILURE (postcondition at "bench/check-ce/test_result_ce_value2.mlw", line 18, characters 12-19)
File "bench/check-ce/test_result_ce_value2.mlw", line 18, characters 12-19:
Sub-goal Postcondition of goal test3'vc.
Prover result is: Unknown (unknown + incomplete) (1532 steps).
The program does not comply to the verification goal, for example during the
  following execution:
File int.mlw:
  Line 13:
    Constant zero initialization
    zero = 0
  Line 14:
    Constant one initialization
    one = 1
File test_result_ce_value2.mlw:
  Line 3:
    Constant a initialization
    (giant-step) execution of unimplemented function with args:
    result = 0
    Normal execution of function `ref` with args:
      contents = 0
    Normal execution of function `ref'mk` with args:
      contents = 0
    a = {contents= 0}
  Line 17:
    x = 99
    x = 99
    Execution of main function `test3` with env:
      a = {contents= 0}
      x = 99
      zero = 0
      one = 1
  Line 21:
    (giant-step) execution of unimplemented function `id`
      x = 99
    a = {contents= 40}
    result of `id` = 100
    Normal execution of function `(<)` with args:
      _ = 100
      _ = 100
Unknown location:
    Normal execution of function `False` with args:
File test_result_ce_value2.mlw:
  Line 24:
    Normal execution of function `contents` with args:
      arg = {contents= 40}
    Normal execution of function `(+)` with args:
      _ = 40
      _ = 2
  Line 18:
    Property failure at postcondition of `test3` with:
      a = {contents= 42}

